<?xml version="1.0" encoding="UTF-8"?>
<!-- Generated by org.testng.reporters.JUnitReportReporter -->
<testsuite hostname="Aparna" failures="0" tests="1" name="Tests.LoginTest" time="12.917" errors="0" timestamp="2022-12-28T18:08:40 IST" skipped="0">
  <testcase classname="Tests.LoginTest" name="login" time="12.917"/>
  <system-out/>
</testsuite> <!-- Tests.LoginTest -->
