<?xml version="1.0" encoding="UTF-8"?>
<!-- Generated by org.testng.reporters.JUnitReportReporter -->
<testsuite hostname="Aparna" failures="0" tests="1" name="Tests.ThreeTest" time="14.506" errors="0" timestamp="2022-12-28T18:08:40 IST" skipped="0">
  <testcase classname="Tests.ThreeTest" name="TestThree" time="14.506"/>
  <system-out/>
</testsuite> <!-- Tests.ThreeTest -->
