<?xml version="1.0" encoding="UTF-8"?>
<!-- Generated by org.testng.reporters.JUnitReportReporter -->
<testsuite hostname="Aparna" failures="0" tests="2" name="Tests.LoginTest" time="9.415" errors="0" timestamp="2022-12-26T14:08:22 IST" skipped="0">
  <testcase classname="Tests.LoginTest" name="login" time="5.441"/>
  <system-out/>
  <testcase classname="Tests.LoginTest" name="login" time="3.974"/>
  <system-out/>
</testsuite> <!-- Tests.LoginTest -->
