<?xml version="1.0" encoding="UTF-8"?>
<!-- Generated by org.testng.reporters.JUnitReportReporter -->
<testsuite hostname="Aparna" failures="0" tests="1" name="Runner.Runner" time="8.565" errors="0" timestamp="2022-12-28T18:37:05 IST" skipped="0">
  <testcase classname="Runner.Runner" name="runScenario" time="8.565"/>
  <system-out/>
</testsuite> <!-- Runner.Runner -->
